2025-12-08 10:31:14,834 - INFO - root - starting machine creation
2025-12-08 10:32:00,024 - INFO - root - machine created successfully
2025-12-11 14:51:18,989 - INFO - root - starting machine creation
2025-12-11 14:51:26,324 - INFO - root - name for the machine kfir
2025-12-11 14:51:26,324 - INFO - root - name for the machine kfir
2025-12-11 14:51:41,280 - INFO - root - machine created successfully
2025-12-11 17:56:22,684 - INFO - root - starting machine creation
2025-12-11 17:56:22,685 - INFO - root - naming the machine...
2025-12-11 17:56:27,503 - INFO - root - name for the machine try
2025-12-11 17:56:27,503 - INFO - root - creating os...
2025-12-11 17:57:12,296 - INFO - root - starting machine creation
2025-12-11 17:57:12,296 - INFO - root - naming the machine...
2025-12-11 17:57:17,015 - INFO - root - name for the machine yahoo
2025-12-11 17:57:17,015 - INFO - root - creating os...
2025-12-11 17:57:20,542 - INFO - root - os for yahoo is ubuntu
2025-12-11 17:57:20,543 - INFO - root - creating cpu...
2025-12-11 17:57:25,104 - ERROR - root - didn't insert a numbers to the cpu field
2025-12-11 17:57:25,104 - INFO - root - creating cpu...
2025-12-11 17:57:28,021 - INFO - root - cpu for yahoo is 6
2025-12-11 17:57:28,022 - INFO - root - creating ram...
2025-12-11 18:27:52,022 - INFO - root - starting machine creation
2025-12-11 18:27:52,023 - INFO - root - naming the machine...
2025-12-11 18:27:58,352 - INFO - root - name for the machine lihi-final
2025-12-11 18:27:58,352 - INFO - root - creating os...
2025-12-11 18:28:03,974 - INFO - root - os for lihi-final is centos
2025-12-11 18:28:03,975 - INFO - root - creating cpu...
2025-12-11 18:28:05,924 - INFO - root - cpu for lihi-final is 5
2025-12-11 18:28:05,925 - INFO - root - creating ram...
2025-12-11 18:28:07,145 - INFO - root - ram for lihi-final is 6
2025-12-11 18:28:07,145 - INFO - root - creating storage...
2025-12-11 18:28:08,298 - INFO - root - storge for lihi-final is 7
2025-12-11 18:29:15,947 - INFO - root - starting machine creation
2025-12-11 18:29:15,947 - INFO - root - naming the machine...
2025-12-11 18:29:22,139 - INFO - root - name for the machine lihi-final
2025-12-11 18:29:22,139 - INFO - root - creating os...
2025-12-11 18:29:28,090 - INFO - root - os for lihi-final is ubuntu
2025-12-11 18:29:28,090 - INFO - root - creating cpu...
2025-12-11 18:29:30,147 - INFO - root - cpu for lihi-final is 65
2025-12-11 18:29:30,147 - INFO - root - creating ram...
2025-12-11 18:29:31,015 - INFO - root - ram for lihi-final is 65
2025-12-11 18:29:31,015 - INFO - root - creating storage...
2025-12-11 18:29:31,930 - INFO - root - storge for lihi-final is 65
2025-12-11 18:29:31,934 - INFO - root - machine created successfully: name='lihi-final' operating_system='ubuntu' cpu=65 ram=65 storage=65

2025-12-11 18:29:36,864 - ERROR - root - failed to install nginx: Command '['bash', 'scripts/install_ngnix.sh']' returned non-zero exit status 1.
